Time resolution is 1 ps
XilinxAXIVIP: Found at Path: Debouncing_TB.uut_Debouncing_BD_wrapper.Debouncing_BD_i.zynq_ultra_ps_e_0.inst.S_AXI_ACP.slave
[0] : *ZYNQ_MPSoC_BFM_INFO : S_AXI_ACP : Port is DISABLED.
XilinxAXIVIP: Found at Path: Debouncing_TB.uut_Debouncing_BD_wrapper.Debouncing_BD_i.zynq_ultra_ps_e_0.inst.S_AXI_ACE.slave
[0] : *ZYNQ_MPSoC_BFM_INFO : S_AXI_ACE : Port is DISABLED.
XilinxAXIVIP: Found at Path: Debouncing_TB.uut_Debouncing_BD_wrapper.Debouncing_BD_i.zynq_ultra_ps_e_0.inst.S_AXI_HPC0_FPD.slave
[0] : *ZYNQ_MPSoC_BFM_INFO : S_AXI_GP0 : Port is DISABLED.
XilinxAXIVIP: Found at Path: Debouncing_TB.uut_Debouncing_BD_wrapper.Debouncing_BD_i.zynq_ultra_ps_e_0.inst.S_AXI_HPC1_FPD.slave
[0] : *ZYNQ_MPSoC_BFM_INFO : S_AXI_GP1 : Port is DISABLED.
XilinxAXIVIP: Found at Path: Debouncing_TB.uut_Debouncing_BD_wrapper.Debouncing_BD_i.zynq_ultra_ps_e_0.inst.S_AXI_HP0_FPD.slave
[0] : *ZYNQ_MPSoC_BFM_INFO : S_AXI_GP2 : Port is DISABLED.
XilinxAXIVIP: Found at Path: Debouncing_TB.uut_Debouncing_BD_wrapper.Debouncing_BD_i.zynq_ultra_ps_e_0.inst.S_AXI_HP1_FPD.slave
[0] : *ZYNQ_MPSoC_BFM_INFO : S_AXI_GP3 : Port is DISABLED.
XilinxAXIVIP: Found at Path: Debouncing_TB.uut_Debouncing_BD_wrapper.Debouncing_BD_i.zynq_ultra_ps_e_0.inst.S_AXI_HP2_FPD.slave
[0] : *ZYNQ_MPSoC_BFM_INFO : S_AXI_GP4 : Port is DISABLED.
XilinxAXIVIP: Found at Path: Debouncing_TB.uut_Debouncing_BD_wrapper.Debouncing_BD_i.zynq_ultra_ps_e_0.inst.S_AXI_HP3_FPD.slave
[0] : *ZYNQ_MPSoC_BFM_INFO : S_AXI_GP5 : Port is DISABLED.
XilinxAXIVIP: Found at Path: Debouncing_TB.uut_Debouncing_BD_wrapper.Debouncing_BD_i.zynq_ultra_ps_e_0.inst.S_AXI_HPM0_LPD.slave
[0] : *ZYNQ_MPSoC_BFM_INFO : S_AXI_GP6 : Port is DISABLED.
XilinxAXIVIP: Found at Path: Debouncing_TB.uut_Debouncing_BD_wrapper.Debouncing_BD_i.zynq_ultra_ps_e_0.inst.M_AXI_HPM0_FPD.master
[0] : *ZYNQ_MPSoC_BFM_INFO : M_AXI_GP0 : Port is DISABLED.
XilinxAXIVIP: Found at Path: Debouncing_TB.uut_Debouncing_BD_wrapper.Debouncing_BD_i.zynq_ultra_ps_e_0.inst.M_AXI_HPM1_FPD.master
[0] : *ZYNQ_MPSoC_BFM_INFO : M_AXI_GP1 : Port is DISABLED.
XilinxAXIVIP: Found at Path: Debouncing_TB.uut_Debouncing_BD_wrapper.Debouncing_BD_i.zynq_ultra_ps_e_0.inst.M_AXI_HPM0_LPD.master
[0] : *ZYNQ_MPSoC_BFM_INFO : M_AXI_GP2 : Port is DISABLED.
Executing Axi4 End Of Simulation checks
Executing Axi4 End Of Simulation checks
Executing Axi4 End Of Simulation checks
Executing Axi4 End Of Simulation checks
Executing Axi4 End Of Simulation checks
Executing Axi4 End Of Simulation checks
Executing Axi4 End Of Simulation checks
Executing Axi4 End Of Simulation checks
Executing Axi4 End Of Simulation checks
Executing Axi4 End Of Simulation checks
Executing Axi4 End Of Simulation checks
Executing Axi4 End Of Simulation checks
